<?xml version="1.0" encoding="UTF-8"?>
<!-- Generated by org.testng.reporters.JUnitReportReporter -->
<testsuite skipped="0" hostname="SAMSUNG-PC" name="testNgScript.LoginTest" tests="1" failures="0" timestamp="22 Sep 2017 17:31:42 GMT" time="30.573" errors="0">
  <testcase name="f" time="30.573" classname="testNgScript.LoginTest"/>
</testsuite> <!-- testNgScript.LoginTest -->
